1479301973593	geckodriver	INFO	Listening on 127.0.0.1:48346
1479301974591	mozprofile::profile	INFO	Using profile path /tmp/rust_mozprofile.PIR3zRkUH1yt
1479301974592	geckodriver::marionette	INFO	Starting browser /usr/bin/firefox
1479301974595	geckodriver::marionette	INFO	Connecting to Marionette on localhost:34651

(firefox:4522): GLib-GObject-CRITICAL **: g_object_ref: assertion 'object->ref_count > 0' failed

(firefox:4522): GLib-GObject-CRITICAL **: g_object_unref: assertion 'object->ref_count > 0' failed

(firefox:4522): GLib-GObject-CRITICAL **: g_object_ref: assertion 'object->ref_count > 0' failed

(firefox:4522): GLib-GObject-CRITICAL **: g_object_unref: assertion 'object->ref_count > 0' failed
1479301975443	Marionette	INFO	Listening on port 34651
1479301978112	Marionette	INFO	startBrowser 5a1c04f2-708c-4b51-9b94-7714a5dd2085

(/usr/lib/firefox/plugin-container:4589): GLib-GObject-CRITICAL **: g_object_ref: assertion 'object->ref_count > 0' failed

(/usr/lib/firefox/plugin-container:4589): GLib-GObject-CRITICAL **: g_object_unref: assertion 'object->ref_count > 0' failed

(/usr/lib/firefox/plugin-container:4589): GLib-GObject-CRITICAL **: g_object_ref: assertion 'object->ref_count > 0' failed

(/usr/lib/firefox/plugin-container:4589): GLib-GObject-CRITICAL **: g_object_unref: assertion 'object->ref_count > 0' failed

(firefox:4522): GLib-GObject-CRITICAL **: g_type_add_interface_static: assertion 'g_type_parent (interface_type) == G_TYPE_INTERFACE' failed

(firefox:4522): GLib-GObject-CRITICAL **: g_type_add_interface_static: assertion 'g_type_parent (interface_type) == G_TYPE_INTERFACE' failed

(firefox:4522): GLib-GObject-CRITICAL **: g_type_add_interface_static: assertion 'g_type_parent (interface_type) == G_TYPE_INTERFACE' failed

(firefox:4522): GLib-GObject-CRITICAL **: g_type_add_interface_static: assertion 'g_type_parent (interface_type) == G_TYPE_INTERFACE' failed

(firefox:4522): GLib-GObject-CRITICAL **: g_type_add_interface_static: assertion 'g_type_parent (interface_type) == G_TYPE_INTERFACE' failed
1479302091770	geckodriver	INFO	Listening on 127.0.0.1:52860
1479302092770	mozprofile::profile	INFO	Using profile path /tmp/rust_mozprofile.RAgOkICxaf7N
1479302092771	geckodriver::marionette	INFO	Starting browser /usr/bin/firefox
1479302092774	geckodriver::marionette	INFO	Connecting to Marionette on localhost:48585

(firefox:4704): GLib-GObject-CRITICAL **: g_object_ref: assertion 'object->ref_count > 0' failed

(firefox:4704): GLib-GObject-CRITICAL **: g_object_unref: assertion 'object->ref_count > 0' failed

(firefox:4704): GLib-GObject-CRITICAL **: g_object_ref: assertion 'object->ref_count > 0' failed

(firefox:4704): GLib-GObject-CRITICAL **: g_object_unref: assertion 'object->ref_count > 0' failed
1479302093604	Marionette	INFO	Listening on port 48585
1479302095983	Marionette	INFO	startBrowser 23486036-195f-4ade-b439-c772ba6db3ed

(/usr/lib/firefox/plugin-container:4769): GLib-GObject-CRITICAL **: g_object_ref: assertion 'object->ref_count > 0' failed

(/usr/lib/firefox/plugin-container:4769): GLib-GObject-CRITICAL **: g_object_unref: assertion 'object->ref_count > 0' failed

(/usr/lib/firefox/plugin-container:4769): GLib-GObject-CRITICAL **: g_object_ref: assertion 'object->ref_count > 0' failed

(/usr/lib/firefox/plugin-container:4769): GLib-GObject-CRITICAL **: g_object_unref: assertion 'object->ref_count > 0' failed

(firefox:4704): GLib-GObject-CRITICAL **: g_type_add_interface_static: assertion 'g_type_parent (interface_type) == G_TYPE_INTERFACE' failed

(firefox:4704): GLib-GObject-CRITICAL **: g_type_add_interface_static: assertion 'g_type_parent (interface_type) == G_TYPE_INTERFACE' failed

(firefox:4704): GLib-GObject-CRITICAL **: g_type_add_interface_static: assertion 'g_type_parent (interface_type) == G_TYPE_INTERFACE' failed

(firefox:4704): GLib-GObject-CRITICAL **: g_type_add_interface_static: assertion 'g_type_parent (interface_type) == G_TYPE_INTERFACE' failed

(firefox:4704): GLib-GObject-CRITICAL **: g_type_add_interface_static: assertion 'g_type_parent (interface_type) == G_TYPE_INTERFACE' failed

(firefox:4522): GLib-GObject-CRITICAL **: g_type_add_interface_static: assertion 'g_type_parent (interface_type) == G_TYPE_INTERFACE' failed

(firefox:4522): GLib-GObject-WARNING **: /build/buildd/glib2.0-2.40.2/./gobject/gsignal.c:3408: signal name 'selection_changed' is invalid for instance '0x7fb3ed1bf6a0' of type 'MaiAtkType139'
1479303688311	geckodriver	INFO	Listening on 127.0.0.1:56375
1479303689309	mozprofile::profile	INFO	Using profile path /tmp/rust_mozprofile.pPXZtmRAg4Ut
1479303689310	geckodriver::marionette	INFO	Starting browser /usr/bin/firefox
1479303689313	geckodriver::marionette	INFO	Connecting to Marionette on localhost:54494

(firefox:5592): GLib-GObject-CRITICAL **: g_object_ref: assertion 'object->ref_count > 0' failed

(firefox:5592): GLib-GObject-CRITICAL **: g_object_unref: assertion 'object->ref_count > 0' failed

(firefox:5592): GLib-GObject-CRITICAL **: g_object_ref: assertion 'object->ref_count > 0' failed

(firefox:5592): GLib-GObject-CRITICAL **: g_object_unref: assertion 'object->ref_count > 0' failed
1479303690142	Marionette	INFO	Listening on port 54494
1479303692594	Marionette	INFO	startBrowser 2dd8f7b0-4340-4044-a0b8-9ac46da7f746

(/usr/lib/firefox/plugin-container:5661): GLib-GObject-CRITICAL **: g_object_ref: assertion 'object->ref_count > 0' failed

(/usr/lib/firefox/plugin-container:5661): GLib-GObject-CRITICAL **: g_object_unref: assertion 'object->ref_count > 0' failed

(/usr/lib/firefox/plugin-container:5661): GLib-GObject-CRITICAL **: g_object_ref: assertion 'object->ref_count > 0' failed

(/usr/lib/firefox/plugin-container:5661): GLib-GObject-CRITICAL **: g_object_unref: assertion 'object->ref_count > 0' failed

(firefox:5592): GLib-GObject-CRITICAL **: g_type_add_interface_static: assertion 'g_type_parent (interface_type) == G_TYPE_INTERFACE' failed

(firefox:5592): GLib-GObject-CRITICAL **: g_type_add_interface_static: assertion 'g_type_parent (interface_type) == G_TYPE_INTERFACE' failed

(firefox:5592): GLib-GObject-CRITICAL **: g_type_add_interface_static: assertion 'g_type_parent (interface_type) == G_TYPE_INTERFACE' failed

(firefox:5592): GLib-GObject-CRITICAL **: g_type_add_interface_static: assertion 'g_type_parent (interface_type) == G_TYPE_INTERFACE' failed

(firefox:5592): GLib-GObject-CRITICAL **: g_type_add_interface_static: assertion 'g_type_parent (interface_type) == G_TYPE_INTERFACE' failed
1479303737719	geckodriver	INFO	Listening on 127.0.0.1:49502
1479303738717	mozprofile::profile	INFO	Using profile path /tmp/rust_mozprofile.mKOgCq7jIYtK
1479303738718	geckodriver::marionette	INFO	Starting browser /usr/bin/firefox
1479303738721	geckodriver::marionette	INFO	Connecting to Marionette on localhost:57471

(firefox:5735): GLib-GObject-CRITICAL **: g_object_ref: assertion 'object->ref_count > 0' failed

(firefox:5735): GLib-GObject-CRITICAL **: g_object_unref: assertion 'object->ref_count > 0' failed

(firefox:5735): GLib-GObject-CRITICAL **: g_object_ref: assertion 'object->ref_count > 0' failed

(firefox:5735): GLib-GObject-CRITICAL **: g_object_unref: assertion 'object->ref_count > 0' failed
1479303739548	Marionette	INFO	Listening on port 57471
1479303742005	Marionette	INFO	startBrowser 59ddd5d3-abe5-488f-9784-30276190f032

(/usr/lib/firefox/plugin-container:5800): GLib-GObject-CRITICAL **: g_object_ref: assertion 'object->ref_count > 0' failed

(/usr/lib/firefox/plugin-container:5800): GLib-GObject-CRITICAL **: g_object_unref: assertion 'object->ref_count > 0' failed

(/usr/lib/firefox/plugin-container:5800): GLib-GObject-CRITICAL **: g_object_ref: assertion 'object->ref_count > 0' failed

(/usr/lib/firefox/plugin-container:5800): GLib-GObject-CRITICAL **: g_object_unref: assertion 'object->ref_count > 0' failed

(firefox:5735): GLib-GObject-CRITICAL **: g_type_add_interface_static: assertion 'g_type_parent (interface_type) == G_TYPE_INTERFACE' failed

(firefox:5735): GLib-GObject-CRITICAL **: g_type_add_interface_static: assertion 'g_type_parent (interface_type) == G_TYPE_INTERFACE' failed

(firefox:5735): GLib-GObject-CRITICAL **: g_type_add_interface_static: assertion 'g_type_parent (interface_type) == G_TYPE_INTERFACE' failed

(firefox:5735): GLib-GObject-CRITICAL **: g_type_add_interface_static: assertion 'g_type_parent (interface_type) == G_TYPE_INTERFACE' failed

(firefox:5735): GLib-GObject-CRITICAL **: g_type_add_interface_static: assertion 'g_type_parent (interface_type) == G_TYPE_INTERFACE' failed
1479303755185	geckodriver	INFO	Listening on 127.0.0.1:42947
1479303756183	mozprofile::profile	INFO	Using profile path /tmp/rust_mozprofile.8zQD1fTAZ5u0
1479303756184	geckodriver::marionette	INFO	Starting browser /usr/bin/firefox
1479303756187	geckodriver::marionette	INFO	Connecting to Marionette on localhost:43697

(firefox:5851): GLib-GObject-CRITICAL **: g_object_ref: assertion 'object->ref_count > 0' failed

(firefox:5851): GLib-GObject-CRITICAL **: g_object_unref: assertion 'object->ref_count > 0' failed

(firefox:5851): GLib-GObject-CRITICAL **: g_object_ref: assertion 'object->ref_count > 0' failed

(firefox:5851): GLib-GObject-CRITICAL **: g_object_unref: assertion 'object->ref_count > 0' failed
1479303757103	Marionette	INFO	Listening on port 43697
1479303759515	Marionette	INFO	startBrowser 18926ede-d05e-41b1-bb55-1bce91bb41c8

(/usr/lib/firefox/plugin-container:5918): GLib-GObject-CRITICAL **: g_object_ref: assertion 'object->ref_count > 0' failed

(/usr/lib/firefox/plugin-container:5918): GLib-GObject-CRITICAL **: g_object_unref: assertion 'object->ref_count > 0' failed

(/usr/lib/firefox/plugin-container:5918): GLib-GObject-CRITICAL **: g_object_ref: assertion 'object->ref_count > 0' failed

(/usr/lib/firefox/plugin-container:5918): GLib-GObject-CRITICAL **: g_object_unref: assertion 'object->ref_count > 0' failed

(firefox:5851): GLib-GObject-CRITICAL **: g_type_add_interface_static: assertion 'g_type_parent (interface_type) == G_TYPE_INTERFACE' failed

(firefox:5851): GLib-GObject-CRITICAL **: g_type_add_interface_static: assertion 'g_type_parent (interface_type) == G_TYPE_INTERFACE' failed

(firefox:5851): GLib-GObject-CRITICAL **: g_type_add_interface_static: assertion 'g_type_parent (interface_type) == G_TYPE_INTERFACE' failed

(firefox:5851): GLib-GObject-CRITICAL **: g_type_add_interface_static: assertion 'g_type_parent (interface_type) == G_TYPE_INTERFACE' failed

(firefox:5851): GLib-GObject-CRITICAL **: g_type_add_interface_static: assertion 'g_type_parent (interface_type) == G_TYPE_INTERFACE' failed

(firefox:4522): GLib-GObject-CRITICAL **: g_type_add_interface_static: assertion 'g_type_parent (interface_type) == G_TYPE_INTERFACE' failed

(firefox:4522): GLib-GObject-WARNING **: /build/buildd/glib2.0-2.40.2/./gobject/gsignal.c:3408: signal name 'selection_changed' is invalid for instance '0x7fb3ed3d1c40' of type 'MaiAtkType139'

(firefox:4522): GLib-GObject-WARNING **: /build/buildd/glib2.0-2.40.2/./gobject/gsignal.c:3408: signal name 'selection_changed' is invalid for instance '0x7fb3ed3a5830' of type 'MaiAtkType139'

(firefox:4522): GLib-GObject-WARNING **: /build/buildd/glib2.0-2.40.2/./gobject/gsignal.c:3408: signal name 'selection_changed' is invalid for instance '0x7fb3ed3a5830' of type 'MaiAtkType139'
JavaScript error: , line 0: TypeError: NetworkError when attempting to fetch resource.
